<?xml version="1.0" encoding="UTF-8"?>
<testsuite xmlns:xsi="http://www.w3.org/2001/XMLSchema-instance" xsi:noNamespaceSchemaLocation="https://maven.apache.org/surefire/maven-surefire-plugin/xsd/surefire-test-report-3.0.xsd" version="3.0" name="com.sibud.services.UserServiceTest" time="1.148" tests="4" errors="0" skipped="0" failures="0">
  <properties>
[...]
</properties>
  <testcase name="testSaveUser" classname="com.sibud.services.UserServiceTest" time="1.081"/>
  <testcase name="testGetAllUsers" classname="com.sibud.services.UserServiceTest" time="0.013"/>
  <testcase name="testDeleteUser" classname="com.sibud.services.UserServiceTest" time="0.003"/>
  <testcase name="testGetUserById" classname="com.sibud.services.UserServiceTest" time="0.013"/>
</testsuite>